<?xml version="1.0" encoding="UTF-8"?>
<!-- Generated by org.testng.reporters.JUnitReportReporter -->
<testsuite hostname="IMAXIT" name="tests.ContactUsTest" tests="1" failures="0" timestamp="14 Sep 2019 13:47:51 GMT" time="6.617" errors="0">
  <testcase name="testContactUs" time="6.617" classname="tests.ContactUsTest"/>
</testsuite> <!-- tests.ContactUsTest -->
