<?xml version="1.0" encoding="UTF-8"?>
<!-- Generated by org.testng.reporters.JUnitReportReporter -->
<testsuite hostname="IMAXIT" name="tests.HomePageTest" tests="1" failures="0" timestamp="14 Sep 2019 17:29:50 GMT" time="0.056" errors="0">
  <testcase name="checkHomePageItemsCount" time="0.056" classname="tests.HomePageTest"/>
</testsuite> <!-- tests.HomePageTest -->
