<?xml version="1.0" encoding="UTF-8"?>
<!-- Generated by org.testng.reporters.JUnitReportReporter -->
<testsuite hostname="IMAXIT" name="tests.SearchTest" tests="1" failures="0" timestamp="14 Sep 2019 18:03:50 GMT" time="2.539" errors="0">
  <testcase name="checkAllItemsIStock" time="2.539" classname="tests.SearchTest"/>
</testsuite> <!-- tests.SearchTest -->
